Oct 16, 2020 12:12:56 PM Manager main
INFO: Display: Please key in your command: 
Oct 16, 2020 12:12:57 PM Manager main
INFO: User key in: additem bc1 box 1 2.99
Oct 16, 2020 12:12:58 PM Manager main
INFO: Display: Please key in your command: 
Oct 16, 2020 12:13:02 PM Manager main
INFO: User key in: listitemavailability
Oct 16, 2020 12:13:02 PM Manager main
INFO: Display: Please key in your command: 
Oct 16, 2020 12:14:43 PM Manager main
INFO: User key in: additem bc1 box 1 2.99
Oct 16, 2020 12:14:43 PM Manager main
INFO: Display: Please key in your command: 
Oct 16, 2020 12:14:47 PM Manager main
INFO: User key in: listitemavailability
Oct 16, 2020 12:14:47 PM Manager main
INFO: Display: Please key in your command: 
Oct 16, 2020 12:16:35 PM Manager main
INFO: User key in: additem bc1 box 1 2.99
Oct 16, 2020 12:16:35 PM Manager main
INFO: Display: Please key in your command: 
Oct 16, 2020 12:19:11 PM Manager main
INFO: User key in: additem bc1 box 1 2.99
Oct 16, 2020 12:19:11 PM Manager main
INFO: Display: Please key in your command: 
Oct 16, 2020 12:22:12 PM Manager main
INFO: User key in: additem bc1 box 1 2.99
Oct 16, 2020 12:22:12 PM Manager main
INFO: Display: Please key in your command: 
Oct 16, 2020 12:24:44 PM Manager main
INFO: User key in: additem bc1 box 1 2.99
Oct 16, 2020 12:24:44 PM Manager main
INFO: Display: Please key in your command: 
Oct 16, 2020 12:25:57 PM Manager main
INFO: User key in: additem bc1 box 1 2.99
Oct 16, 2020 12:25:57 PM Manager main
INFO: Display: Please key in your command: 
Oct 16, 2020 12:27:43 PM Manager main
INFO: User key in: additem bc1 box 1 980
Oct 16, 2020 12:27:43 PM Manager main
INFO: Display: Please key in your command: 
Oct 16, 2020 12:27:56 PM Manager main
INFO: User key in: quit
Oct 16, 2020 12:30:34 PM Manager main
INFO: Display: Please key in your command: 
Oct 16, 2020 12:30:36 PM Manager main
INFO: User key in: additem bc1 box 1 980
Oct 16, 2020 12:30:36 PM Manager main
INFO: Display: Please key in your command: 
Oct 16, 2020 12:33:17 PM Manager main
INFO: User key in: additem bc1 box 1 980
Oct 16, 2020 12:33:18 PM Manager main
INFO: Display: Please key in your command: 
Oct 16, 2020 12:34:33 PM Manager main
INFO: User key in: additem bc1 box 1 980
Oct 16, 2020 12:34:33 PM Manager main
INFO: Display: Please key in your command: 
Oct 16, 2020 12:35:40 PM Manager main
INFO: User key in: additem bc1 box 1 980
Oct 16, 2020 12:35:40 PM Manager main
INFO: Display: Please key in your command: 
Oct 16, 2020 12:37:05 PM Manager main
INFO: User key in: additem bc1 box 1 980
Oct 16, 2020 12:37:05 PM Manager main
INFO: Display: Please key in your command: 
Oct 16, 2020 12:37:19 PM Manager main
INFO: User key in: quit
Oct 16, 2020 1:53:41 PM Manager main
INFO: Display: Please key in your command: 
Oct 16, 2020 1:53:44 PM Manager main
INFO: User key in: additem bc1 box 1 980
Oct 16, 2020 1:53:44 PM Manager main
INFO: Display: Please key in your command: 
Oct 16, 2020 2:07:16 PM Manager main
INFO: User key in: additem bc1 box1 1 980
Oct 16, 2020 2:07:16 PM Manager main
INFO: Display: Please key in your command: 
Oct 16, 2020 2:07:32 PM Manager main
INFO: User key in: quit
