Oct 16, 2020 12:23:01 PM User main
INFO: Display: Please key in your command: 
Oct 16, 2020 12:23:07 PM User main
INFO: User key in: purchaseitem bc1 15102020
Oct 16, 2020 12:23:07 PM User main
INFO: Display: Please key in your command: 
Oct 16, 2020 12:24:23 PM User main
INFO: User key in: purchaseitem bc1 15102020
Oct 16, 2020 12:24:23 PM User main
INFO: Display: Please key in your command: 
Oct 16, 2020 12:24:50 PM User main
INFO: User key in: purchaseitem bc1 15102020
Oct 16, 2020 12:24:50 PM User main
INFO: Display: Please key in your command: 
Oct 16, 2020 12:24:54 PM User main
INFO: User key in: quit
Oct 16, 2020 12:26:14 PM User main
INFO: Display: Please key in your command: 
Oct 16, 2020 12:26:19 PM User main
INFO: User key in: purchaseitem bc1 15102020
Oct 16, 2020 12:26:19 PM User main
INFO: Display: Please key in your command: 
Oct 16, 2020 12:28:29 PM User main
INFO: User key in: purchaseitem bc1 15102020
Oct 16, 2020 12:28:29 PM User main
INFO: Display: Please key in your command: 
Oct 16, 2020 12:28:39 PM User main
INFO: User key in: purchaseitem qc1 15102020
Oct 16, 2020 12:28:39 PM User main
INFO: Display: Please key in your command: 
Oct 16, 2020 12:30:46 PM User main
INFO: User key in: purchaseitem bc1 15102020
Oct 16, 2020 12:30:46 PM User main
INFO: Display: Please key in your command: 
Oct 16, 2020 12:33:24 PM User main
INFO: User key in: purchaseitem bc1 15102020
Oct 16, 2020 12:33:24 PM User main
INFO: Display: Please key in your command: 
Oct 16, 2020 12:34:40 PM User main
INFO: User key in: purchaseitem bc1 15102020
Oct 16, 2020 12:34:40 PM User main
INFO: Display: Please key in your command: 
Oct 16, 2020 12:35:46 PM User main
INFO: User key in: purchaseitem bc1 15102020
Oct 16, 2020 12:35:46 PM User main
INFO: Display: Please key in your command: 
Oct 16, 2020 12:37:10 PM User main
INFO: User key in: purchaseitem bc1 15102020
Oct 16, 2020 12:37:10 PM User main
INFO: Display: Please key in your command: 
Oct 16, 2020 12:37:51 PM User main
INFO: User key in: purchaseitem qc1 15102020
Oct 16, 2020 12:37:51 PM User main
INFO: Display: Please key in your command: 
